<?xml version="1.0" encoding="UTF-8"?>
<testsuite name="org.example.PasswordValidatorTest" tests="1" skipped="0" failures="0" errors="0" timestamp="2022-11-18T09:01:41" hostname="HANJAEJUNG" time="0.046">
  <properties/>
  <testcase name="비밀번호가 8자 이상, 12자 이하면 예외가 발생하지 않는다." classname="org.example.PasswordValidatorTest" time="0.046"/>
  <system-out><![CDATA[]]></system-out>
  <system-err><![CDATA[]]></system-err>
</testsuite>
